<?xml version="1.0" encoding="UTF-8"?>
<!-- Generated by org.testng.reporters.JUnitReportReporter -->
<testsuite hostname="Invicta-16" failures="0" tests="1" name="com.qa.automation.qdms.testcases.master.MasterTest" time="0.267" errors="0" timestamp="25 Feb 2023 05:05:15 GMT" skipped="0">
  <testcase classname="com.qa.automation.qdms.testcases.master.MasterTest" name="MasterCard" time="0.267"/>
</testsuite> <!-- com.qa.automation.qdms.testcases.master.MasterTest -->
