<?xml version="1.0" encoding="UTF-8"?>
<!-- Generated by org.testng.reporters.JUnitReportReporter -->
<testsuite hostname="Invicta-16" failures="0" tests="1" name="com.qa.automation.qdms.testcases.login.LoginTest" time="6.086" errors="0" timestamp="25 Feb 2023 05:05:15 GMT" skipped="0">
  <testcase classname="com.qa.automation.qdms.testcases.login.LoginTest" name="Login" time="6.086"/>
</testsuite> <!-- com.qa.automation.qdms.testcases.login.LoginTest -->
